2024-10-27 18:24:23,381 - __main__ - INFO - 
Processing completed successfully
2024-10-27 18:28:26,685 - __main__ - INFO - 
Processing completed successfully
2024-10-27 18:55:25,416 - __main__ - ERROR - An error occurred: get_user_input() got an unexpected keyword argument 'validator'
Traceback (most recent call last):
  File "C:\Users\dkodurul_stu\cortalinsight\cortalv2i\cortalv2i\main.py", line 362, in main
    input_path, base_output_path = get_paths()
                                   ^^^^^^^^^^^
  File "C:\Users\dkodurul_stu\cortalinsight\cortalv2i\cortalv2i\main.py", line 139, in get_paths
    input_path = get_user_input("\nEnter input path (video file/folder/URL/text file)",
                 ^^^^^^^^^^^^^^^^^^^^^^^^^^^^^^^^^^^^^^^^^^^^^^^^^^^^^^^^^^^^^^^^^^^^^^
TypeError: get_user_input() got an unexpected keyword argument 'validator'
2024-10-27 18:57:43,172 - __main__ - INFO - 
Processing: C:\Users\dkodurul_stu\Downloads\cortal\input\3 Hours Teach the Value of Life Telugu Thriller Short Film _ 2023 Telugu Short Films _TVNXT.mp4
2024-10-27 18:57:43,174 - DirectoryManager - INFO - Created directory: C:\Users\dkodurul_stu\Downloads\cortal\output\3 Hours Teach the Value of Life Telugu Thriller Short Film _ 2023 Telugu Short Films _TVNXT\frames
2024-10-27 18:57:43,174 - DirectoryManager - INFO - Created directory: C:\Users\dkodurul_stu\Downloads\cortal\output\3 Hours Teach the Value of Life Telugu Thriller Short Film _ 2023 Telugu Short Films _TVNXT\audio
2024-10-27 18:57:43,174 - DirectoryManager - INFO - Created directory: C:\Users\dkodurul_stu\Downloads\cortal\output\3 Hours Teach the Value of Life Telugu Thriller Short Film _ 2023 Telugu Short Films _TVNXT\logs
2024-10-27 18:57:43,179 - VideoProcessor - INFO - Initialized VideoProcessor with frames_dir: C:\Users\dkodurul_stu\Downloads\cortal\output\3 Hours Teach the Value of Life Telugu Thriller Short Film _ 2023 Telugu Short Films _TVNXT\frames, audio_dir: C:\Users\dkodurul_stu\Downloads\cortal\output\3 Hours Teach the Value of Life Telugu Thriller Short Film _ 2023 Telugu Short Films _TVNXT\audio
2024-10-27 18:57:43,179 - VideoProcessor - INFO - Processing input source: C:\Users\dkodurul_stu\Downloads\cortal\input\3 Hours Teach the Value of Life Telugu Thriller Short Film _ 2023 Telugu Short Films _TVNXT.mp4
2024-10-27 18:57:43,179 - VideoProcessor - INFO - Audio config: {'format': 'mp3', 'bitrate': '128k'}
2024-10-27 18:57:43,182 - VideoProcessor - INFO - Processing video file: C:\Users\dkodurul_stu\Downloads\cortal\input\3 Hours Teach the Value of Life Telugu Thriller Short Film _ 2023 Telugu Short Films _TVNXT.mp4
2024-10-27 18:57:43,183 - VideoProcessor - INFO - Audio config: {'format': 'mp3', 'bitrate': '128k'}
2024-10-27 18:57:43,183 - VideoProcessor - INFO - Audio directory: C:\Users\dkodurul_stu\Downloads\cortal\output\3 Hours Teach the Value of Life Telugu Thriller Short Film _ 2023 Telugu Short Films _TVNXT\audio
2024-10-27 18:58:28,063 - VideoProcessor - INFO - Extracted 1875 frames from C:\Users\dkodurul_stu\Downloads\cortal\input\3 Hours Teach the Value of Life Telugu Thriller Short Film _ 2023 Telugu Short Films _TVNXT.mp4
2024-10-27 18:58:28,071 - VideoProcessor - INFO - Starting audio extraction for C:\Users\dkodurul_stu\Downloads\cortal\input\3 Hours Teach the Value of Life Telugu Thriller Short Film _ 2023 Telugu Short Films _TVNXT.mp4
2024-10-27 18:58:28,071 - AudioExtractor - INFO - Extracting audio from: C:\Users\dkodurul_stu\Downloads\cortal\input\3 Hours Teach the Value of Life Telugu Thriller Short Film _ 2023 Telugu Short Films _TVNXT.mp4
2024-10-27 18:58:28,071 - AudioExtractor - INFO - Output to: C:\Users\dkodurul_stu\Downloads\cortal\output\3 Hours Teach the Value of Life Telugu Thriller Short Film _ 2023 Telugu Short Films _TVNXT\audio\3 Hours Teach the Value of Life Telugu Thriller Short Film _ 2023 Telugu Short Films _TVNXT.mp3
2024-10-27 18:58:28,074 - AudioExtractor - INFO - Running FFmpeg command: ffmpeg -y -i C:\Users\dkodurul_stu\Downloads\cortal\input\3 Hours Teach the Value of Life Telugu Thriller Short Film _ 2023 Telugu Short Films _TVNXT.mp4 -vn -acodec libmp3lame -b:a 128k -ar 44100 -ac 2 -threads 0 C:\Users\dkodurul_stu\Downloads\cortal\output\3 Hours Teach the Value of Life Telugu Thriller Short Film _ 2023 Telugu Short Films _TVNXT\audio\3 Hours Teach the Value of Life Telugu Thriller Short Film _ 2023 Telugu Short Films _TVNXT.mp3
2024-10-27 18:58:58,389 - AudioExtractor - INFO - Successfully extracted audio to: C:\Users\dkodurul_stu\Downloads\cortal\output\3 Hours Teach the Value of Life Telugu Thriller Short Film _ 2023 Telugu Short Films _TVNXT\audio\3 Hours Teach the Value of Life Telugu Thriller Short Film _ 2023 Telugu Short Films _TVNXT.mp3
2024-10-27 18:58:58,389 - VideoProcessor - INFO - Successfully extracted audio from C:\Users\dkodurul_stu\Downloads\cortal\input\3 Hours Teach the Value of Life Telugu Thriller Short Film _ 2023 Telugu Short Films _TVNXT.mp4
2024-10-27 18:58:58,393 - __main__ - INFO - 
Processing: C:\Users\dkodurul_stu\Downloads\cortal\input\video_1.mp4
2024-10-27 18:58:58,394 - DirectoryManager - INFO - Created directory: C:\Users\dkodurul_stu\Downloads\cortal\output\video_1\frames
2024-10-27 18:58:58,396 - DirectoryManager - INFO - Created directory: C:\Users\dkodurul_stu\Downloads\cortal\output\video_1\audio
2024-10-27 18:58:58,397 - DirectoryManager - INFO - Created directory: C:\Users\dkodurul_stu\Downloads\cortal\output\video_1\logs
2024-10-27 18:58:58,398 - VideoProcessor - INFO - Initialized VideoProcessor with frames_dir: C:\Users\dkodurul_stu\Downloads\cortal\output\video_1\frames, audio_dir: C:\Users\dkodurul_stu\Downloads\cortal\output\video_1\audio
2024-10-27 18:58:58,399 - VideoProcessor - INFO - Processing input source: C:\Users\dkodurul_stu\Downloads\cortal\input\video_1.mp4
2024-10-27 18:58:58,399 - VideoProcessor - INFO - Audio config: {'format': 'mp3', 'bitrate': '128k'}
2024-10-27 18:58:58,399 - VideoProcessor - INFO - Processing video file: C:\Users\dkodurul_stu\Downloads\cortal\input\video_1.mp4
2024-10-27 18:58:58,401 - VideoProcessor - INFO - Audio config: {'format': 'mp3', 'bitrate': '128k'}
2024-10-27 18:58:58,401 - VideoProcessor - INFO - Audio directory: C:\Users\dkodurul_stu\Downloads\cortal\output\video_1\audio
2024-10-27 19:00:09,566 - VideoProcessor - INFO - Extracted 283 frames from C:\Users\dkodurul_stu\Downloads\cortal\input\video_1.mp4
2024-10-27 19:00:09,587 - VideoProcessor - INFO - Starting audio extraction for C:\Users\dkodurul_stu\Downloads\cortal\input\video_1.mp4
2024-10-27 19:00:09,587 - AudioExtractor - INFO - Extracting audio from: C:\Users\dkodurul_stu\Downloads\cortal\input\video_1.mp4
2024-10-27 19:00:09,591 - AudioExtractor - INFO - Output to: C:\Users\dkodurul_stu\Downloads\cortal\output\video_1\audio\video_1.mp3
2024-10-27 19:00:09,591 - AudioExtractor - INFO - Running FFmpeg command: ffmpeg -y -i C:\Users\dkodurul_stu\Downloads\cortal\input\video_1.mp4 -vn -acodec libmp3lame -b:a 128k -ar 44100 -ac 2 -threads 0 C:\Users\dkodurul_stu\Downloads\cortal\output\video_1\audio\video_1.mp3
2024-10-27 19:00:15,172 - AudioExtractor - INFO - Successfully extracted audio to: C:\Users\dkodurul_stu\Downloads\cortal\output\video_1\audio\video_1.mp3
2024-10-27 19:00:15,172 - VideoProcessor - INFO - Successfully extracted audio from C:\Users\dkodurul_stu\Downloads\cortal\input\video_1.mp4
